d:\alex\documents\c++\e-shop\e-shop\x64\debug\vc140.pdb
d:\alex\documents\c++\e-shop\e-shop\x64\debug\vc140.idb
d:\alex\documents\c++\e-shop\e-shop\x64\debug\computer.obj
d:\alex\documents\c++\e-shop\e-shop\x64\debug\source.obj
d:\alex\documents\c++\e-shop\e-shop\x64\debug\television.obj
d:\alex\documents\c++\e-shop\e-shop\x64\debug\smartphone.obj
d:\alex\documents\c++\e-shop\e-shop\x64\debug\product.obj
d:\alex\documents\c++\e-shop\e-shop\x64\debug\order.obj
d:\alex\documents\c++\e-shop\x64\debug\e-shop.ilk
d:\alex\documents\c++\e-shop\x64\debug\e-shop.exe
d:\alex\documents\c++\e-shop\x64\debug\e-shop.pdb
d:\alex\documents\c++\e-shop\e-shop\x64\debug\administrator.obj
d:\alex\documents\c++\e-shop\e-shop\x64\debug\company.obj
d:\alex\documents\c++\e-shop\e-shop\x64\debug\copmuter.obj
d:\alex\documents\c++\e-shop\e-shop\x64\debug\customer.obj
d:\alex\documents\c++\e-shop\e-shop\x64\debug\individual.obj
d:\alex\documents\c++\e-shop\e-shop\x64\debug\user.obj
d:\alex\documents\c++\e-shop\e-shop\x64\debug\smartphone.obj.enc
d:\alex\documents\c++\e-shop\e-shop\x64\debug\source.obj.enc
d:\alex\documents\c++\e-shop\e-shop\x64\debug\television.obj.enc
d:\alex\documents\c++\e-shop\e-shop\x64\debug\e-shop.res
d:\alex\documents\c++\e-shop\e-shop\x64\debug\e-shop.tlog\cl.command.1.tlog
d:\alex\documents\c++\e-shop\e-shop\x64\debug\e-shop.tlog\cl.read.1.tlog
d:\alex\documents\c++\e-shop\e-shop\x64\debug\e-shop.tlog\cl.write.1.tlog
d:\alex\documents\c++\e-shop\e-shop\x64\debug\e-shop.tlog\link.command.1.tlog
d:\alex\documents\c++\e-shop\e-shop\x64\debug\e-shop.tlog\link.read.1.tlog
d:\alex\documents\c++\e-shop\e-shop\x64\debug\e-shop.tlog\link.write.1.tlog
d:\alex\documents\c++\e-shop\e-shop\x64\debug\e-shop.tlog\rc.command.1.tlog
d:\alex\documents\c++\e-shop\e-shop\x64\debug\e-shop.tlog\rc.read.1.tlog
d:\alex\documents\c++\e-shop\e-shop\x64\debug\e-shop.tlog\rc.write.1.tlog
